<?xml version="1.0" encoding="UTF-8"?>
<!-- Generated by org.testng.reporters.JUnitReportReporter -->
<testsuite hostname="ASDA0024" name="com.qait.automation.DataProviderTesting.DataProviderWithExcel_001" tests="7" failures="0" timestamp="23 Jul 2018 10:26:54 GMT" time="0.019" errors="0">
  <testcase name="Registration_data" time="0.001" classname="com.qait.automation.DataProviderTesting.DataProviderWithExcel_001"/>
  <testcase name="Registration_data" time="0.006" classname="com.qait.automation.DataProviderTesting.DataProviderWithExcel_001"/>
  <testcase name="Registration_data" time="0.002" classname="com.qait.automation.DataProviderTesting.DataProviderWithExcel_001"/>
  <testcase name="Registration_data" time="0.005" classname="com.qait.automation.DataProviderTesting.DataProviderWithExcel_001"/>
  <testcase name="Registration_data" time="0.002" classname="com.qait.automation.DataProviderTesting.DataProviderWithExcel_001"/>
  <testcase name="Registration_data" time="0.002" classname="com.qait.automation.DataProviderTesting.DataProviderWithExcel_001"/>
  <testcase name="Registration_data" time="0.001" classname="com.qait.automation.DataProviderTesting.DataProviderWithExcel_001"/>
</testsuite> <!-- com.qait.automation.DataProviderTesting.DataProviderWithExcel_001 -->
